<?xml version="1.0" encoding="UTF-8"?>
<!-- Generated by org.testng.reporters.JUnitXMLReporter -->
<testsuite ignored="0" hostname="Mohanneds-MacBook-Pro.local" failures="0" tests="6" name="Test" time="0.058" errors="0" timestamp="02 Aug 2021 09:33:24 GMT">
  <testcase classname="listenersdemo.TestListenerDemo" name="test1" time="0.008"/>
  <testcase classname="listenersdemo.TestListenerDemo" name="test2" time="0.001"/>
  <testcase classname="listenersdemo.TestListenerDemo" name="test3" time="0.001"/>
  <testcase classname="listenersdemo.TestListenerDemo2" name="test1" time="0.001"/>
  <testcase classname="listenersdemo.TestListenerDemo2" name="test2" time="0.002"/>
  <testcase classname="listenersdemo.TestListenerDemo2" name="test3" time="0.003"/>
</testsuite> <!-- Test -->
