<?xml version="1.0" encoding="UTF-8"?>
<testng-results ignored="0" total="6" passed="6" failed="0" skipped="0">
  <reporter-output>
  </reporter-output>
  <suite started-at="2021-08-02T09:33:18Z" name="Suite" finished-at="2021-08-02T09:33:18Z" duration-ms="58">
    <groups>
    </groups>
    <test started-at="2021-08-02T09:33:18Z" name="Test" finished-at="2021-08-02T09:33:18Z" duration-ms="58">
      <class name="listenersdemo.TestListenerDemo2">
        <test-method signature="test1()[pri:0, instance:listenersdemo.TestListenerDemo2@225129c]" started-at="2021-08-02T09:33:18Z" name="test1" finished-at="2021-08-02T09:33:18Z" duration-ms="1" status="PASS">
          <reporter-output>
          </reporter-output>
        </test-method> <!-- test1 -->
        <test-method signature="test2()[pri:0, instance:listenersdemo.TestListenerDemo2@225129c]" started-at="2021-08-02T09:33:18Z" name="test2" finished-at="2021-08-02T09:33:18Z" duration-ms="2" status="PASS">
          <reporter-output>
          </reporter-output>
        </test-method> <!-- test2 -->
        <test-method signature="test3()[pri:0, instance:listenersdemo.TestListenerDemo2@225129c]" started-at="2021-08-02T09:33:18Z" name="test3" finished-at="2021-08-02T09:33:18Z" duration-ms="3" status="PASS">
          <reporter-output>
          </reporter-output>
        </test-method> <!-- test3 -->
      </class> <!-- listenersdemo.TestListenerDemo2 -->
      <class name="listenersdemo.TestListenerDemo">
        <test-method signature="test1()[pri:0, instance:listenersdemo.TestListenerDemo@41294f8]" started-at="2021-08-02T09:33:18Z" name="test1" finished-at="2021-08-02T09:33:18Z" duration-ms="8" status="PASS">
          <reporter-output>
          </reporter-output>
        </test-method> <!-- test1 -->
        <test-method signature="test2()[pri:0, instance:listenersdemo.TestListenerDemo@41294f8]" started-at="2021-08-02T09:33:18Z" name="test2" finished-at="2021-08-02T09:33:18Z" duration-ms="1" status="PASS">
          <reporter-output>
          </reporter-output>
        </test-method> <!-- test2 -->
        <test-method signature="test3()[pri:0, instance:listenersdemo.TestListenerDemo@41294f8]" started-at="2021-08-02T09:33:18Z" name="test3" finished-at="2021-08-02T09:33:18Z" duration-ms="1" status="PASS">
          <reporter-output>
          </reporter-output>
        </test-method> <!-- test3 -->
      </class> <!-- listenersdemo.TestListenerDemo -->
    </test> <!-- Test -->
  </suite> <!-- Suite -->
</testng-results>
